<?xml version="1.0" encoding="UTF-8"?>
<testng-results ignored="0" total="1" passed="1" failed="0" skipped="0">
  <reporter-output>
  </reporter-output>
  <suite started-at="2025-12-26T18:57:49 IST" name="Default suite" finished-at="2025-12-26T18:58:05 IST" duration-ms="15923">
    <groups>
    </groups>
    <test started-at="2025-12-26T18:57:49 IST" name="Default test" finished-at="2025-12-26T18:58:05 IST" duration-ms="15923">
      <class name="practice_Project.Class_One">
        <test-method signature="setup()[pri:0, instance:practice_Project.Class_One@3cfdd820]" started-at="2025-12-26T18:57:49 IST" name="setup" finished-at="2025-12-26T18:58:05 IST" duration-ms="15846" status="PASS">
          <reporter-output>
          </reporter-output>
        </test-method> <!-- setup -->
      </class> <!-- practice_Project.Class_One -->
    </test> <!-- Default test -->
  </suite> <!-- Default suite -->
</testng-results>
