<?xml version="1.0" encoding="UTF-8"?>
<testng-results ignored="0" total="1" passed="1" failed="0" skipped="0">
  <reporter-output>
  </reporter-output>
  <suite started-at="2026-01-13T16:21:13 IST" name="Default suite" finished-at="2026-01-13T16:21:17 IST" duration-ms="3609">
    <groups>
    </groups>
    <test started-at="2026-01-13T16:21:13 IST" name="Default test" finished-at="2026-01-13T16:21:17 IST" duration-ms="3609">
      <class name="practice_package.TextBoxes">
        <test-method is-config="true" signature="setup()[pri:0, instance:practice_package.TextBoxes@102cec62]" started-at="2026-01-13T16:21:13 IST" name="setup" finished-at="2026-01-13T16:21:15 IST" duration-ms="2143" status="PASS">
          <reporter-output>
          </reporter-output>
        </test-method> <!-- setup -->
        <test-method signature="check()[pri:0, instance:practice_package.TextBoxes@102cec62]" started-at="2026-01-13T16:21:15 IST" name="check" finished-at="2026-01-13T16:21:17 IST" duration-ms="1314" status="PASS">
          <reporter-output>
          </reporter-output>
        </test-method> <!-- check -->
      </class> <!-- practice_package.TextBoxes -->
    </test> <!-- Default test -->
  </suite> <!-- Default suite -->
</testng-results>
