<?xml version="1.0" encoding="UTF-8"?>
<testng-results ignored="0" total="1" passed="1" failed="0" skipped="0">
  <reporter-output>
  </reporter-output>
  <suite started-at="2026-01-20T14:45:20 IST" name="Default suite" finished-at="2026-01-20T14:45:29 IST" duration-ms="9095">
    <groups>
      <group name="cucumber">
        <method signature="AbstractTestNGCucumberTests.runScenario(io.cucumber.testng.PickleWrapper,io.cucumber.testng.FeatureWrapper)[pri:0, instance:runner.Run@2ef14fe]" name="runScenario" class="io.cucumber.testng.AbstractTestNGCucumberTests"/>
      </group> <!-- cucumber -->
    </groups>
    <test started-at="2026-01-20T14:45:20 IST" name="Default test" finished-at="2026-01-20T14:45:29 IST" duration-ms="9095">
      <class name="runner.Run">
        <test-method is-config="true" signature="setUpClass(org.testng.ITestContext)[pri:0, instance:runner.Run@2ef14fe]" started-at="2026-01-20T14:45:20 IST" name="setUpClass" finished-at="2026-01-20T14:45:20 IST" duration-ms="371" status="PASS">
          <params>
            <param index="0">
              <value>
                <![CDATA[org.testng.TestRunner@303f1234]]>
              </value>
            </param>
          </params>
          <reporter-output>
          </reporter-output>
        </test-method> <!-- setUpClass -->
        <test-method signature="runScenario(io.cucumber.testng.PickleWrapper,io.cucumber.testng.FeatureWrapper)[pri:0, instance:runner.Run@2ef14fe]" started-at="2026-01-20T14:45:20 IST" name="runScenario" description="Runs Cucumber Scenarios" data-provider="scenarios" finished-at="2026-01-20T14:45:29 IST" duration-ms="8675" status="PASS">
          <params>
            <param index="0">
              <value>
                <![CDATA["Hover mouse"]]>
              </value>
            </param>
            <param index="1">
              <value>
                <![CDATA["Mouse Hover action"]]>
              </value>
            </param>
          </params>
          <reporter-output>
          </reporter-output>
        </test-method> <!-- runScenario -->
        <test-method is-config="true" signature="tearDownClass()[pri:0, instance:runner.Run@2ef14fe]" started-at="2026-01-20T14:45:29 IST" name="tearDownClass" finished-at="2026-01-20T14:45:29 IST" duration-ms="18" status="PASS">
          <reporter-output>
          </reporter-output>
        </test-method> <!-- tearDownClass -->
      </class> <!-- runner.Run -->
    </test> <!-- Default test -->
  </suite> <!-- Default suite -->
</testng-results>
